<?xml version="1.0" encoding="UTF-8"?>
<testsuite name="TestSuite" time="5.155" tests="9" errors="0" skipped="8" failures="0">
  <properties>
[...]
</properties>
  <testcase name="landingpageTest" classname="com.qtpselenium.framework.datadriven.Login.LandingPageTest" time="0">
    <skipped/>
    <system-out>Starting suite Login
C:\Users\Vidhya\workspace\Trial\DataDriven_Framework_COTC\
Validating runmode for  : LandingPageTest in suite  :LoginSuite and for datamode: Y
SuiteRunMode : true
TestRunmode : false
</system-out>
  </testcase>
  <testcase name="supporttest" classname="com.qtpselenium.framework.datadriven.Login.SupportTest" time="0">
    <skipped/>
    <system-out>Current date is  20/1/2015
Current time is  2 : 43 : 26
C:\Users\Vidhya\workspace\Trial\DataDriven_Framework_COTC\
Validating runmode for  : SupportTest in suite  :LoginSuite and for datamode: Y
SuiteRunMode : true
TestRunmode : false
</system-out>
  </testcase>
  <testcase name="supporttest" classname="com.qtpselenium.framework.datadriven.Login.SupportTest" time="0">
    <skipped/>
    <system-out>Current date is  20/1/2015
Current time is  2 : 43 : 26
Validating runmode for  : SupportTest in suite  :LoginSuite and for datamode: Y
SuiteRunMode : true
TestRunmode : false
</system-out>
  </testcase>
  <testcase name="logintest" classname="com.qtpselenium.framework.datadriven.Login.LoginTest" time="0">
    <skipped/>
    <system-out>Current date is  20/1/2015
Current time is  2 : 43 : 26
Current date is  20/1/2015
Current time is  2 : 43 : 26
C:\Users\Vidhya\workspace\Trial\DataDriven_Framework_COTC\
Validating runmode for  : LoginTest in suite  :LoginSuite and for datamode: Y
SuiteRunMode : true
TestRunmode : false
</system-out>
  </testcase>
  <testcase name="forgotpasswordtest" classname="com.qtpselenium.framework.datadriven.Login.ForgotPasswordTest" time="0">
    <skipped/>
    <system-out>Current date is  20/1/2015
Current time is  2 : 43 : 26
C:\Users\Vidhya\workspace\Trial\DataDriven_Framework_COTC\
Current date is  20/1/2015
Current time is  2 : 43 : 26
Validating runmode for  : ForgotPasswordTest in suite  :LoginSuite and for datamode: Y
SuiteRunMode : true
TestRunmode : false
</system-out>
  </testcase>
  <testcase name="signuptest" classname="com.qtpselenium.framework.datadriven.Login.SignUpTest" time="0">
    <skipped/>
    <system-out>Current date is  20/1/2015
Current time is  2 : 43 : 26
C:\Users\Vidhya\workspace\Trial\DataDriven_Framework_COTC\
Validating runmode for  : SignUpTest in suite  :LoginSuite and for datamode: Y
SuiteRunMode : true
TestRunmode : false
</system-out>
  </testcase>
  <testcase name="signuptest" classname="com.qtpselenium.framework.datadriven.Login.SignUpTest" time="0">
    <skipped/>
    <system-out>Validating runmode for  : SignUpTest in suite  :LoginSuite and for datamode: Y
SuiteRunMode : true
TestRunmode : false
</system-out>
  </testcase>
  <testcase name="signuptest" classname="com.qtpselenium.framework.datadriven.Login.SignUpTest" time="0">
    <skipped/>
    <system-out>Validating runmode for  : SignUpTest in suite  :LoginSuite and for datamode: Y
SuiteRunMode : true
TestRunmode : false
</system-out>
  </testcase>
  <testcase name="sendmailtest" classname="com.qtpselenium.framework.datadriven.util.SendMailTest" time="5.155"/>
</testsuite>