<?xml version="1.0" encoding="UTF-8"?>
<!-- Generated by org.testng.reporters.JUnitXMLReporter -->
<testsuite hostname="Lenovo-PC" name="LoginTest" tests="1" failures="1" timestamp="27 Mar 2015 05:44:10 GMT" time="46.712" errors="0">
  <testcase name="logintest" time="46.671" classname="com.qtpselenium.framework.datadriven.Login.LoginTest">
    <failure type="org.openqa.selenium.WebDriverException" message="Failed to connect to binary FirefoxBinary(C:\Program Files (x86)\Mozilla Firefox\firefox.exe) on port 7055; process output follows: 
xtensions.json	DEBUG	Starting write
1427435004447	addons.manager	DEBUG	shutdown
1427435004448	addons.manager	DEBUG	Calling shutdown blocker for XPIProvider
1427435004449	addons.xpi	DEBUG	shutdown
1427435004449	addons.xpi-utils	DEBUG	shutdown
1427435004450	addons.manager	DEBUG	Calling shutdown blocker for LightweightThemeManager
1427435004451	addons.manager	DEBUG	Calling shutdown blocker for OpenH264Provider
1427435004453	addons.manager	DEBUG	Calling shutdown blocker for PluginProvider
1427435004703	DeferredSave.extensions.json	DEBUG	Write succeeded
1427435004703	addons.xpi-utils	DEBUG	XPI Database saved, setting schema version preference to 16
1427435004704	addons.xpi	DEBUG	Notifying XPI shutdown observers
1427435004708	addons.manager	DEBUG	Async provider shutdown done
1427435004965	addons.manager	DEBUG	Loaded provider scope for resource://gre/modules/addons/XPIProvider.jsm: [&amp;quot;XPIProvider&amp;quot;]
1427435004965	addons.manager	DEBUG	Loaded provider scope for resource://gre/modules/LightweightThemeManager.jsm: [&amp;quot;LightweightThemeManager&amp;quot;]
1427435004967	addons.xpi	DEBUG	startup
1427435004968	addons.xpi	INFO	Mapping fxdriver@googlecode.com to C:\Users\Vidhya\AppData\Local\Temp\anonymous5172121388818311661webdriver-profile\extensions\fxdriver@googlecode.com
1427435004968	addons.xpi	DEBUG	Ignoring file entry whose name is not a valid add-on ID: C:\Users\Vidhya\AppData\Local\Temp\anonymous5172121388818311661webdriver-profile\extensions\webdriver-staging
1427435004969	addons.xpi	INFO	Mapping {972ce4c6-7e08-4474-a285-3208198ce6fd} to C:\Program Files (x86)\Mozilla Firefox\browser\extensions\{972ce4c6-7e08-4474-a285-3208198ce6fd}
1427435004969	addons.xpi	DEBUG	Skipping unavailable install location app-system-share
1427435004969	addons.xpi	DEBUG	Skipping unavailable install location app-system-local
1427435004969	addons.xpi	DEBUG	checkForChanges
1427435004969	addons.xpi	DEBUG	Loaded add-on state from prefs: {&amp;quot;app-profile&amp;quot;:{&amp;quot;fxdriver@googlecode.com&amp;quot;:{&amp;quot;d&amp;quot;:&amp;quot;C:\\Users\\Vidhya\\AppData\\Local\\Temp\\anonymous5172121388818311661webdriver-profile\\extensions\\fxdriver@googlecode.com&amp;quot;,&amp;quot;e&amp;quot;:true,&amp;quot;v&amp;quot;:&amp;quot;2.43.1&amp;quot;,&amp;quot;st&amp;quot;:1427435003682,&amp;quot;mt&amp;quot;:1427435003662}},&amp;quot;app-global&amp;quot;:{&amp;quot;{972ce4c6-7e08-4474-a285-3208198ce6fd}&amp;quot;:{&amp;quot;d&amp;quot;:&amp;quot;C:\\Program Files (x86)\\Mozilla Firefox\\browser\\extensions\\{972ce4c6-7e08-4474-a285-3208198ce6fd}&amp;quot;,&amp;quot;e&amp;quot;:true,&amp;quot;v&amp;quot;:&amp;quot;36.0.4&amp;quot;,&amp;quot;st&amp;quot;:1426991728900,&amp;quot;mt&amp;quot;:1426991728856}}}
1427435004970	addons.xpi	DEBUG	getModTime: Recursive scan of fxdriver@googlecode.com
1427435004975	addons.xpi	DEBUG	getModTime: Recursive scan of {972ce4c6-7e08-4474-a285-3208198ce6fd}
1427435004975	addons.xpi	DEBUG	getInstallState changed: false, state: {&amp;quot;app-profile&amp;quot;:{&amp;quot;fxdriver@googlecode.com&amp;quot;:{&amp;quot;d&amp;quot;:&amp;quot;C:\\Users\\Vidhya\\AppData\\Local\\Temp\\anonymous5172121388818311661webdriver-profile\\extensions\\fxdriver@googlecode.com&amp;quot;,&amp;quot;e&amp;quot;:true,&amp;quot;v&amp;quot;:&amp;quot;2.43.1&amp;quot;,&amp;quot;st&amp;quot;:1427435003682,&amp;quot;mt&amp;quot;:1427435003662}},&amp;quot;app-global&amp;quot;:{&amp;quot;{972ce4c6-7e08-4474-a285-3208198ce6fd}&amp;quot;:{&amp;quot;d&amp;quot;:&amp;quot;C:\\Program Files (x86)\\Mozilla Firefox\\browser\\extensions\\{972ce4c6-7e08-4474-a285-3208198ce6fd}&amp;quot;,&amp;quot;e&amp;quot;:true,&amp;quot;v&amp;quot;:&amp;quot;36.0.4&amp;quot;,&amp;quot;st&amp;quot;:1426991728900,&amp;quot;mt&amp;quot;:1426991728856}}}
1427435004976	addons.xpi	DEBUG	No changes found
1427435004978	addons.manager	DEBUG	Registering shutdown blocker for XPIProvider
1427435004978	addons.manager	DEBUG	Registering shutdown blocker for LightweightThemeManager
1427435004979	addons.manager	DEBUG	Registering shutdown blocker for OpenH264Provider
1427435004979	addons.manager	DEBUG	Registering shutdown blocker for PluginProvider
JavaScript error: file:///C:/Users/Vidhya/AppData/Local/Temp/anonymous5172121388818311661webdriver-profile/extensions/fxdriver@googlecode.com/components/driver-component.js, line 11464: TypeError: this.server_ is undefined
JavaScript error: chrome://fxdriver/content/server.js, line 38: NS_ERROR_XPC_CI_RETURNED_FAILURE: Component returned failure code: 0x80570015 (NS_ERROR_XPC_CI_RETURNED_FAILURE) [nsIJSCID.createInstance]
*** Blocklist::_preloadBlocklistFile: blocklist is disabled
1427435006439	addons.manager	DEBUG	Registering shutdown blocker for &amp;lt;unnamed-provider&amp;gt;

Build info: version: &amp;apos;2.43.1&amp;apos;, revision: &amp;apos;5163bceef1bc36d43f3dc0b83c88998168a363a0&amp;apos;, time: &amp;apos;2014-09-10 09:43:55&amp;apos;
System info: host: &amp;apos;Lenovo-PC&amp;apos;, ip: &amp;apos;10.37.4.215&amp;apos;, os.name: &amp;apos;Windows 8.1&amp;apos;, os.arch: &amp;apos;amd64&amp;apos;, os.version: &amp;apos;6.3&amp;apos;, java.version: &amp;apos;1.8.0_20&amp;apos;
Driver info: driver.version: FirefoxDriver">
      <![CDATA[org.openqa.selenium.WebDriverException: Failed to connect to binary FirefoxBinary(C:\Program Files (x86)\Mozilla Firefox\firefox.exe) on port 7055; process output follows: 
xtensions.json	DEBUG	Starting write
1427435004447	addons.manager	DEBUG	shutdown
1427435004448	addons.manager	DEBUG	Calling shutdown blocker for XPIProvider
1427435004449	addons.xpi	DEBUG	shutdown
1427435004449	addons.xpi-utils	DEBUG	shutdown
1427435004450	addons.manager	DEBUG	Calling shutdown blocker for LightweightThemeManager
1427435004451	addons.manager	DEBUG	Calling shutdown blocker for OpenH264Provider
1427435004453	addons.manager	DEBUG	Calling shutdown blocker for PluginProvider
1427435004703	DeferredSave.extensions.json	DEBUG	Write succeeded
1427435004703	addons.xpi-utils	DEBUG	XPI Database saved, setting schema version preference to 16
1427435004704	addons.xpi	DEBUG	Notifying XPI shutdown observers
1427435004708	addons.manager	DEBUG	Async provider shutdown done
1427435004965	addons.manager	DEBUG	Loaded provider scope for resource://gre/modules/addons/XPIProvider.jsm: ["XPIProvider"]
1427435004965	addons.manager	DEBUG	Loaded provider scope for resource://gre/modules/LightweightThemeManager.jsm: ["LightweightThemeManager"]
1427435004967	addons.xpi	DEBUG	startup
1427435004968	addons.xpi	INFO	Mapping fxdriver@googlecode.com to C:\Users\Vidhya\AppData\Local\Temp\anonymous5172121388818311661webdriver-profile\extensions\fxdriver@googlecode.com
1427435004968	addons.xpi	DEBUG	Ignoring file entry whose name is not a valid add-on ID: C:\Users\Vidhya\AppData\Local\Temp\anonymous5172121388818311661webdriver-profile\extensions\webdriver-staging
1427435004969	addons.xpi	INFO	Mapping {972ce4c6-7e08-4474-a285-3208198ce6fd} to C:\Program Files (x86)\Mozilla Firefox\browser\extensions\{972ce4c6-7e08-4474-a285-3208198ce6fd}
1427435004969	addons.xpi	DEBUG	Skipping unavailable install location app-system-share
1427435004969	addons.xpi	DEBUG	Skipping unavailable install location app-system-local
1427435004969	addons.xpi	DEBUG	checkForChanges
1427435004969	addons.xpi	DEBUG	Loaded add-on state from prefs: {"app-profile":{"fxdriver@googlecode.com":{"d":"C:\\Users\\Vidhya\\AppData\\Local\\Temp\\anonymous5172121388818311661webdriver-profile\\extensions\\fxdriver@googlecode.com","e":true,"v":"2.43.1","st":1427435003682,"mt":1427435003662}},"app-global":{"{972ce4c6-7e08-4474-a285-3208198ce6fd}":{"d":"C:\\Program Files (x86)\\Mozilla Firefox\\browser\\extensions\\{972ce4c6-7e08-4474-a285-3208198ce6fd}","e":true,"v":"36.0.4","st":1426991728900,"mt":1426991728856}}}
1427435004970	addons.xpi	DEBUG	getModTime: Recursive scan of fxdriver@googlecode.com
1427435004975	addons.xpi	DEBUG	getModTime: Recursive scan of {972ce4c6-7e08-4474-a285-3208198ce6fd}
1427435004975	addons.xpi	DEBUG	getInstallState changed: false, state: {"app-profile":{"fxdriver@googlecode.com":{"d":"C:\\Users\\Vidhya\\AppData\\Local\\Temp\\anonymous5172121388818311661webdriver-profile\\extensions\\fxdriver@googlecode.com","e":true,"v":"2.43.1","st":1427435003682,"mt":1427435003662}},"app-global":{"{972ce4c6-7e08-4474-a285-3208198ce6fd}":{"d":"C:\\Program Files (x86)\\Mozilla Firefox\\browser\\extensions\\{972ce4c6-7e08-4474-a285-3208198ce6fd}","e":true,"v":"36.0.4","st":1426991728900,"mt":1426991728856}}}
1427435004976	addons.xpi	DEBUG	No changes found
1427435004978	addons.manager	DEBUG	Registering shutdown blocker for XPIProvider
1427435004978	addons.manager	DEBUG	Registering shutdown blocker for LightweightThemeManager
1427435004979	addons.manager	DEBUG	Registering shutdown blocker for OpenH264Provider
1427435004979	addons.manager	DEBUG	Registering shutdown blocker for PluginProvider
JavaScript error: file:///C:/Users/Vidhya/AppData/Local/Temp/anonymous5172121388818311661webdriver-profile/extensions/fxdriver@googlecode.com/components/driver-component.js, line 11464: TypeError: this.server_ is undefined
JavaScript error: chrome://fxdriver/content/server.js, line 38: NS_ERROR_XPC_CI_RETURNED_FAILURE: Component returned failure code: 0x80570015 (NS_ERROR_XPC_CI_RETURNED_FAILURE) [nsIJSCID.createInstance]
*** Blocklist::_preloadBlocklistFile: blocklist is disabled
1427435006439	addons.manager	DEBUG	Registering shutdown blocker for <unnamed-provider>

Build info: version: '2.43.1', revision: '5163bceef1bc36d43f3dc0b83c88998168a363a0', time: '2014-09-10 09:43:55'
System info: host: 'Lenovo-PC', ip: '10.37.4.215', os.name: 'Windows 8.1', os.arch: 'amd64', os.version: '6.3', java.version: '1.8.0_20'
Driver info: driver.version: FirefoxDriver
	at org.openqa.selenium.firefox.internal.NewProfileExtensionConnection.start(NewProfileExtensionConnection.java:130)
	at org.openqa.selenium.firefox.FirefoxDriver.startClient(FirefoxDriver.java:246)
	at org.openqa.selenium.remote.RemoteWebDriver.<init>(RemoteWebDriver.java:114)
	at org.openqa.selenium.firefox.FirefoxDriver.<init>(FirefoxDriver.java:191)
	at org.openqa.selenium.firefox.FirefoxDriver.<init>(FirefoxDriver.java:186)
	at org.openqa.selenium.firefox.FirefoxDriver.<init>(FirefoxDriver.java:182)
	at org.openqa.selenium.firefox.FirefoxDriver.<init>(FirefoxDriver.java:95)
	at com.qtpselenium.framework.datadriven.TestBase.openBrowser(TestBase.java:103)
	at com.qtpselenium.framework.datadriven.TestBase.doLogin(TestBase.java:270)
	at com.qtpselenium.framework.datadriven.Login.LoginTest.logintest(LoginTest.java:36)
Caused by: org.openqa.selenium.firefox.NotConnectedException: Unable to connect to host 127.0.0.1 on port 7055 after 45000 ms. Firefox console output:
xtensions.json	DEBUG	Starting write
1427435004447	addons.manager	DEBUG	shutdown
1427435004448	addons.manager	DEBUG	Calling shutdown blocker for XPIProvider
1427435004449	addons.xpi	DEBUG	shutdown
1427435004449	addons.xpi-utils	DEBUG	shutdown
1427435004450	addons.manager	DEBUG	Calling shutdown blocker for LightweightThemeManager
1427435004451	addons.manager	DEBUG	Calling shutdown blocker for OpenH264Provider
1427435004453	addons.manager	DEBUG	Calling shutdown blocker for PluginProvider
1427435004703	DeferredSave.extensions.json	DEBUG	Write succeeded
1427435004703	addons.xpi-utils	DEBUG	XPI Database saved, setting schema version preference to 16
1427435004704	addons.xpi	DEBUG	Notifying XPI shutdown observers
1427435004708	addons.manager	DEBUG	Async provider shutdown done
1427435004965	addons.manager	DEBUG	Loaded provider scope for resource://gre/modules/addons/XPIProvider.jsm: ["XPIProvider"]
1427435004965	addons.manager	DEBUG	Loaded provider scope for resource://gre/modules/LightweightThemeManager.jsm: ["LightweightThemeManager"]
1427435004967	addons.xpi	DEBUG	startup
1427435004968	addons.xpi	INFO	Mapping fxdriver@googlecode.com to C:\Users\Vidhya\AppData\Local\Temp\anonymous5172121388818311661webdriver-profile\extensions\fxdriver@googlecode.com
1427435004968	addons.xpi	DEBUG	Ignoring file entry whose name is not a valid add-on ID: C:\Users\Vidhya\AppData\Local\Temp\anonymous5172121388818311661webdriver-profile\extensions\webdriver-staging
1427435004969	addons.xpi	INFO	Mapping {972ce4c6-7e08-4474-a285-3208198ce6fd} to C:\Program Files (x86)\Mozilla Firefox\browser\extensions\{972ce4c6-7e08-4474-a285-3208198ce6fd}
1427435004969	addons.xpi	DEBUG	Skipping unavailable install location app-system-share
1427435004969	addons.xpi	DEBUG	Skipping unavailable install location app-system-local
1427435004969	addons.xpi	DEBUG	checkForChanges
1427435004969	addons.xpi	DEBUG	Loaded add-on state from prefs: {"app-profile":{"fxdriver@googlecode.com":{"d":"C:\\Users\\Vidhya\\AppData\\Local\\Temp\\anonymous5172121388818311661webdriver-profile\\extensions\\fxdriver@googlecode.com","e":true,"v":"2.43.1","st":1427435003682,"mt":1427435003662}},"app-global":{"{972ce4c6-7e08-4474-a285-3208198ce6fd}":{"d":"C:\\Program Files (x86)\\Mozilla Firefox\\browser\\extensions\\{972ce4c6-7e08-4474-a285-3208198ce6fd}","e":true,"v":"36.0.4","st":1426991728900,"mt":1426991728856}}}
1427435004970	addons.xpi	DEBUG	getModTime: Recursive scan of fxdriver@googlecode.com
1427435004975	addons.xpi	DEBUG	getModTime: Recursive scan of {972ce4c6-7e08-4474-a285-3208198ce6fd}
1427435004975	addons.xpi	DEBUG	getInstallState changed: false, state: {"app-profile":{"fxdriver@googlecode.com":{"d":"C:\\Users\\Vidhya\\AppData\\Local\\Temp\\anonymous5172121388818311661webdriver-profile\\extensions\\fxdriver@googlecode.com","e":true,"v":"2.43.1","st":1427435003682,"mt":1427435003662}},"app-global":{"{972ce4c6-7e08-4474-a285-3208198ce6fd}":{"d":"C:\\Program Files (x86)\\Mozilla Firefox\\browser\\extensions\\{972ce4c6-7e08-4474-a285-3208198ce6fd}","e":true,"v":"36.0.4","st":1426991728900,"mt":1426991728856}}}
1427435004976	addons.xpi	DEBUG	No changes found
1427435004978	addons.manager	DEBUG	Registering shutdown blocker for XPIProvider
1427435004978	addons.manager	DEBUG	Registering shutdown blocker for LightweightThemeManager
1427435004979	addons.manager	DEBUG	Registering shutdown blocker for OpenH264Provider
1427435004979	addons.manager	DEBUG	Registering shutdown blocker for PluginProvider
JavaScript error: file:///C:/Users/Vidhya/AppData/Local/Temp/anonymous5172121388818311661webdriver-profile/extensions/fxdriver@googlecode.com/components/driver-component.js, line 11464: TypeError: this.server_ is undefined
JavaScript error: chrome://fxdriver/content/server.js, line 38: NS_ERROR_XPC_CI_RETURNED_FAILURE: Component returned failure code: 0x80570015 (NS_ERROR_XPC_CI_RETURNED_FAILURE) [nsIJSCID.createInstance]
*** Blocklist::_preloadBlocklistFile: blocklist is disabled
1427435006439	addons.manager	DEBUG	Registering shutdown blocker for <unnamed-provider>

	at org.openqa.selenium.firefox.internal.NewProfileExtensionConnection.start(NewProfileExtensionConnection.java:118)
	... 34 more
... Removed 25 stack frames]]>
    </failure>
  </testcase> <!-- logintest -->
</testsuite> <!-- LoginTest -->
