<?xml version="1.0" encoding="UTF-8"?>
<!-- Generated by org.testng.reporters.JUnitXMLReporter -->
<testsuite hostname="Lenovo-PC" name="LoginTest" tests="1" failures="0" timestamp="20 Jan 2015 09:11:20 GMT" time="0.05" errors="0">
  <testcase name="@AfterTest close" time="0.0" classname="com.qtpselenium.framework.datadriven.Login.LoginTest">
    <failure type="java.lang.NullPointerException">
      <![CDATA[java.lang.NullPointerException
	at com.qtpselenium.framework.datadriven.Login.LoginTest.close(LoginTest.java:219)
... Removed 23 stack frames]]>
    </failure>
  </testcase> <!-- @AfterTest close -->
  <testcase name="logintest" time="0.03" classname="com.qtpselenium.framework.datadriven.Login.LoginTest">
    <skipped/>
  </testcase> <!-- logintest -->
</testsuite> <!-- LoginTest -->
