<?xml version="1.0" encoding="UTF-8"?>
<!-- Generated by org.testng.reporters.JUnitXMLReporter -->
<testsuite hostname="Lenovo-PC" name="SignUp" tests="3" failures="0" timestamp="9 Feb 2015 07:18:47 GMT" time="0.109" errors="0">
  <testcase name="signuptest" time="0.031" classname="com.qtpselenium.framework.datadriven.Login.SignUpTest">
    <skipped/>
  </testcase> <!-- signuptest -->
  <testcase name="signuptest" time="0.032" classname="com.qtpselenium.framework.datadriven.Login.SignUpTest">
    <skipped/>
  </testcase> <!-- signuptest -->
  <testcase name="signuptest" time="0.015" classname="com.qtpselenium.framework.datadriven.Login.SignUpTest">
    <skipped/>
  </testcase> <!-- signuptest -->
</testsuite> <!-- SignUp -->
