<?xml version="1.0" encoding="UTF-8"?>
<!-- Generated by org.testng.reporters.JUnitXMLReporter -->
<testsuite hostname="Lenovo-PC" name="SignUp" tests="3" failures="0" timestamp="20 Jan 2015 09:11:20 GMT" time="0.12" errors="0">
  <testcase name="@AfterTest close" time="0.0" classname="com.qtpselenium.framework.datadriven.Login.SignUpTest">
    <failure type="java.lang.NullPointerException">
      <![CDATA[java.lang.NullPointerException
	at com.qtpselenium.framework.datadriven.Login.SignUpTest.close(SignUpTest.java:84)
... Removed 23 stack frames]]>
    </failure>
  </testcase> <!-- @AfterTest close -->
  <testcase name="signuptest" time="0.02" classname="com.qtpselenium.framework.datadriven.Login.SignUpTest">
    <skipped/>
  </testcase> <!-- signuptest -->
  <testcase name="signuptest" time="0.03" classname="com.qtpselenium.framework.datadriven.Login.SignUpTest">
    <skipped/>
  </testcase> <!-- signuptest -->
  <testcase name="signuptest" time="0.03" classname="com.qtpselenium.framework.datadriven.Login.SignUpTest">
    <skipped/>
  </testcase> <!-- signuptest -->
</testsuite> <!-- SignUp -->
