<?xml version="1.0" encoding="UTF-8"?>
<!-- Generated by org.testng.reporters.JUnitXMLReporter -->
<testsuite hostname="Lenovo-PC" name="Support" tests="2" failures="0" timestamp="20 Jan 2015 09:36:44 GMT" time="0.11" errors="0">
  <testcase name="supporttest" time="0.03" classname="com.qtpselenium.framework.datadriven.Login.SupportTest">
    <skipped/>
  </testcase> <!-- supporttest -->
  <testcase name="supporttest" time="0.03" classname="com.qtpselenium.framework.datadriven.Login.SupportTest">
    <skipped/>
  </testcase> <!-- supporttest -->
</testsuite> <!-- Support -->
