<?xml version="1.0" encoding="UTF-8"?>
<!-- Generated by org.testng.reporters.JUnitXMLReporter -->
<testsuite hostname="Vidhya-HP" name="LandingPage" tests="1" failures="1" timestamp="17 Sep 2014 05:43:04 GMT" time="0.923" errors="0">
  <testcase name="landingpage" time="0.125" classname="com.qtpselenium.framework.datadriven.Login.LandingPageTest">
    <failure type="java.lang.NullPointerException">
      <![CDATA[java.lang.NullPointerException
	at com.qtpselenium.framework.datadriven.TestBase.validateRunmodes(TestBase.java:74)
	at com.qtpselenium.framework.datadriven.Login.LandingPageTest.landingpage(LandingPageTest.java:20)
... Removed 25 stack frames]]>
    </failure>
  </testcase> <!-- landingpage -->
</testsuite> <!-- LandingPage -->
