<?xml version="1.0" encoding="UTF-8"?>
<!-- Generated by org.testng.reporters.JUnitXMLReporter -->
<testsuite hostname="Lenovo-PC" name="Default test" tests="3" failures="0" timestamp="20 Jan 2015 07:29:23 GMT" time="77.208" errors="0">
  <testcase name="signuptest" time="28.86" classname="com.qtpselenium.framework.datadriven.Login.SignUpTest"/>
  <testcase name="signuptest" time="20.3" classname="com.qtpselenium.framework.datadriven.Login.SignUpTest"/>
  <testcase name="signuptest" time="27.281" classname="com.qtpselenium.framework.datadriven.Login.SignUpTest"/>
</testsuite> <!-- Default test -->
